C51 COMPILER V9.60.0.0   MAIN                                                              06/02/2022 08:24:43 PAGE 1   


C51 COMPILER V9.60.0.0, COMPILATION OF MODULE MAIN
OBJECT MODULE PLACED IN .\build\Keil\main.obj
COMPILER INVOKED BY: C:\Program Files\Keil_v5\C51\BIN\C51.EXE src/main.c OMF2 OPTIMIZE(8,SPEED) BROWSE INCDIR(../../../.
                    -./../../Program Files/Keil_v5/C51/INC;src) DEBUG PRINT(.\build\Keil\main.lst) TABS(2) OBJECT(.\build\Keil\main.obj)

line level    source

   1          #include<REG51.H>
   2          #define uchar unsigned char
   3          sbit LED=P2^0;
   4          sbit S1=P1^0;
   5          sbit S2=P1^1;
   6          void delayms (int ms)
   7          {
   8   1          uchar i;
   9   1              while (ms--)
  10   1              for(i=0;i<123;i++);
  11   1      }
  12          void main(void)
  13          {
  14   1          LED=0;
  15   1          while (1)
  16   1          {
  17   2              P1=0xff;
  18   2              if (S1==0)
  19   2              {
  20   3                  delayms (10);
  21   3                      if (S1==0)
  22   3                      {
  23   4                          LED= ~LED;
  24   4                          delayms(100);
  25   4                      }
  26   3              }
  27   2              if (S2==0)
  28   2              {
  29   3                  delayms(10);
  30   3                  if(S2==0)
  31   3                  LED=1;
  32   3              }
  33   2          }
  34   1      }


MODULE INFORMATION:   STATIC OVERLAYABLE
   CODE SIZE        =     70    ----
   CONSTANT SIZE    =   ----    ----
   XDATA SIZE       =   ----    ----
   PDATA SIZE       =   ----    ----
   DATA SIZE        =   ----    ----
   IDATA SIZE       =   ----    ----
   BIT SIZE         =   ----    ----
   EDATA SIZE       =   ----    ----
   HDATA SIZE       =   ----    ----
   XDATA CONST SIZE =   ----    ----
   FAR CONST SIZE   =   ----    ----
END OF MODULE INFORMATION.


C51 COMPILATION COMPLETE.  0 WARNING(S),  0 ERROR(S)
