C51 COMPILER V9.60.0.0   MAIN                                                              05/20/2022 11:07:57 PAGE 1   


C51 COMPILER V9.60.0.0, COMPILATION OF MODULE MAIN
OBJECT MODULE PLACED IN .\build\Keil\main.obj
COMPILER INVOKED BY: C:\Program Files\Keil_v5\C51\BIN\C51.EXE src/main.c OMF2 OPTIMIZE(8,SPEED) BROWSE INCDIR(../../../.
                    -./../../Program Files/Keil_v5/C51/INC;src) DEBUG PRINT(.\build\Keil\main.lst) TABS(2) OBJECT(.\build\Keil\main.obj)

line level    source

   1          #include<REG51.H>
   2          #define uchar unsigned char
   3          uchar code seg[]=
   4          {0x3F,0x06,0x5B,0x4F,0x66,0x6D,0x7D,0x07};
   5          uchar dis[]={0,1,2,3,4,5,6,7};
   6          void delayms(uchar ms)
   7          {
   8   1          uchar i;
   9   1          while(ms--)
  10   1          for(i=0;i<123;i++);
  11   1      }
  12          void main()
  13          {
  14   1          uchar i;
  15   1          while(1)
  16   1          {
  17   2              for(i=0;i<8;i++)
  18   2              {
  19   3                  P2=dis[i];
  20   3                  P0=seg[i];
  21   3                  delayms(1);
  22   3              }
  23   2          }
  24   1      }


MODULE INFORMATION:   STATIC OVERLAYABLE
   CODE SIZE        =     56    ----
   CONSTANT SIZE    =      8    ----
   XDATA SIZE       =   ----    ----
   PDATA SIZE       =   ----    ----
   DATA SIZE        =      8    ----
   IDATA SIZE       =   ----    ----
   BIT SIZE         =   ----    ----
   EDATA SIZE       =   ----    ----
   HDATA SIZE       =   ----    ----
   XDATA CONST SIZE =   ----    ----
   FAR CONST SIZE   =   ----    ----
END OF MODULE INFORMATION.


C51 COMPILATION COMPLETE.  0 WARNING(S),  0 ERROR(S)
