C51 COMPILER V9.60.0.0   MAIN                                                              05/21/2022 19:00:15 PAGE 1   


C51 COMPILER V9.60.0.0, COMPILATION OF MODULE MAIN
OBJECT MODULE PLACED IN .\build\Debug\src\main.o
COMPILER INVOKED BY: C:\Program Files\Keil_v5\C51\BIN\C51.exe .\SRC\MAIN.C PRINT(.\build\Debug\src\main.lst) OMF2 TABS(4
                    -) CODE NOCOND SYMBOLS OPTIMIZE(8,SPEED) SMALL ROM(LARGE) INCDIR(.\..\..\..\..\..\..\Program Files\Keil_v5\C51\INC;.\src)
                    - DEFINE(__UVISION_VERSION=526) OBJECT(.\build\Debug\src\main.o)

line level    source

   1          #include<REG51.H>
   2          #define uchar unsigned char
   3          sbit LED=P2^0;
   4          sbit S1=P1^0;
   5          sbit S2=P1^1;
   6          void delayms (int ms)
   7          {
   8   1          uchar i;
   9   1              while (ms--)
  10   1              for(i=0;i<123;i++);
  11   1      }
  12          void main(void)
  13          {
  14   1          LED=0;
  15   1          while (1)
  16   1          {
  17   2              P1=0xff;
  18   2              if (S1==0)
  19   2              {
  20   3                  delayms (10);
  21   3                      if (S1==0)
  22   3                      {
  23   4                          LED= ~LED;
  24   4                          delayms(100);
  25   4                      }
  26   3              }
  27   2              if (S2==0)
  28   2              {
  29   3                  delayms(10);
  30   3                  if(S2==0)
  31   3                  LED=1;
  32   3              }
  33   2          }
  34   1      }
C51 COMPILER V9.60.0.0   MAIN                                                              05/21/2022 19:00:15 PAGE 2   

ASSEMBLY LISTING OF GENERATED OBJECT CODE


             ; FUNCTION _delayms (BEGIN)
                                           ; SOURCE LINE # 6
;---- Variable 'i' assigned to Register 'R5' ----
;---- Variable 'ms' assigned to Register 'R6/R7' ----
                                           ; SOURCE LINE # 7
0000         ?C0001:
                                           ; SOURCE LINE # 9
0000 EF                MOV     A,R7
0001 1F                DEC     R7
0002 AA06              MOV     R2,AR6
0004 7001              JNZ     ?C0014
0006 1E                DEC     R6
0007         ?C0014:
0007 4A                ORL     A,R2
0008 600F              JZ      ?C0006
                                           ; SOURCE LINE # 10
000A E4                CLR     A
000B FD                MOV     R5,A
000C         ?C0003:
000C ED                MOV     A,R5
000D C3                CLR     C
000E 947B              SUBB    A,#07BH
0010 7480              MOV     A,#080H
0012 9480              SUBB    A,#080H
0014 50EA              JNC     ?C0001
0016 0D                INC     R5
0017 80F3              SJMP    ?C0003
                                           ; SOURCE LINE # 11
0019         ?C0006:
0019 22                RET     
             ; FUNCTION _delayms (END)

             ; FUNCTION main (BEGIN)
                                           ; SOURCE LINE # 12
                                           ; SOURCE LINE # 13
                                           ; SOURCE LINE # 14
0000 C2A0              CLR     LED
0002         ?C0007:
                                           ; SOURCE LINE # 15
                                           ; SOURCE LINE # 16
                                           ; SOURCE LINE # 17
0002 7590FF            MOV     P1,#0FFH
                                           ; SOURCE LINE # 18
0005 209013            JB      S1,?C0009
                                           ; SOURCE LINE # 19
                                           ; SOURCE LINE # 20
0008 7F0A              MOV     R7,#0AH
000A 7E00              MOV     R6,#00H
000C 120000      R     LCALL   _delayms
                                           ; SOURCE LINE # 21
000F 209009            JB      S1,?C0009
                                           ; SOURCE LINE # 22
                                           ; SOURCE LINE # 23
0012 B2A0              CPL     LED
                                           ; SOURCE LINE # 24
0014 7F64              MOV     R7,#064H
0016 7E00              MOV     R6,#00H
0018 120000      R     LCALL   _delayms
                                           ; SOURCE LINE # 25
C51 COMPILER V9.60.0.0   MAIN                                                              05/21/2022 19:00:15 PAGE 3   

                                           ; SOURCE LINE # 26
001B         ?C0009:
                                           ; SOURCE LINE # 27
001B 2091E4            JB      S2,?C0007
                                           ; SOURCE LINE # 28
                                           ; SOURCE LINE # 29
001E 7F0A              MOV     R7,#0AH
0020 7E00              MOV     R6,#00H
0022 120000      R     LCALL   _delayms
                                           ; SOURCE LINE # 30
0025 2091DA            JB      S2,?C0007
                                           ; SOURCE LINE # 31
0028 D2A0              SETB    LED
                                           ; SOURCE LINE # 32
                                           ; SOURCE LINE # 33
002A 80D6              SJMP    ?C0007
             ; FUNCTION main (END)

C51 COMPILER V9.60.0.0   MAIN                                                              05/21/2022 19:00:15 PAGE 4   

NAME                                    CLASS   MSPACE  TYPE    OFFSET  SIZE
====                                    =====   ======  ====    ======  ====


P0 . . . . . . . . . . . . . . . . . .  SFR      DATA   U_CHAR   0080H  1
P1 . . . . . . . . . . . . . . . . . .  SFR      DATA   U_CHAR   0090H  1
P2 . . . . . . . . . . . . . . . . . .  SFR      DATA   U_CHAR   00A0H  1
P3 . . . . . . . . . . . . . . . . . .  SFR      DATA   U_CHAR   00B0H  1
S1 . . . . . . . . . . . . . . . . . .  ABSBIT   -----  BIT      0090H  1
T0 . . . . . . . . . . . . . . . . . .  ABSBIT   -----  BIT      00B4H  1
AC . . . . . . . . . . . . . . . . . .  ABSBIT   -----  BIT      00D6H  1
S2 . . . . . . . . . . . . . . . . . .  ABSBIT   -----  BIT      0091H  1
T1 . . . . . . . . . . . . . . . . . .  ABSBIT   -----  BIT      00B5H  1
EA . . . . . . . . . . . . . . . . . .  ABSBIT   -----  BIT      00AFH  1
IE . . . . . . . . . . . . . . . . . .  SFR      DATA   U_CHAR   00A8H  1
RD . . . . . . . . . . . . . . . . . .  ABSBIT   -----  BIT      00B7H  1
ES . . . . . . . . . . . . . . . . . .  ABSBIT   -----  BIT      00ACH  1
IP . . . . . . . . . . . . . . . . . .  SFR      DATA   U_CHAR   00B8H  1
RI . . . . . . . . . . . . . . . . . .  ABSBIT   -----  BIT      0098H  1
INT0 . . . . . . . . . . . . . . . . .  ABSBIT   -----  BIT      00B2H  1
CY . . . . . . . . . . . . . . . . . .  ABSBIT   -----  BIT      00D7H  1
TI . . . . . . . . . . . . . . . . . .  ABSBIT   -----  BIT      0099H  1
INT1 . . . . . . . . . . . . . . . . .  ABSBIT   -----  BIT      00B3H  1
PS . . . . . . . . . . . . . . . . . .  ABSBIT   -----  BIT      00BCH  1
SP . . . . . . . . . . . . . . . . . .  SFR      DATA   U_CHAR   0081H  1
OV . . . . . . . . . . . . . . . . . .  ABSBIT   -----  BIT      00D2H  1
main . . . . . . . . . . . . . . . . .  PUBLIC   CODE   PROC     0000H  -----
WR . . . . . . . . . . . . . . . . . .  ABSBIT   -----  BIT      00B6H  1
SBUF . . . . . . . . . . . . . . . . .  SFR      DATA   U_CHAR   0099H  1
PCON . . . . . . . . . . . . . . . . .  SFR      DATA   U_CHAR   0087H  1
SCON . . . . . . . . . . . . . . . . .  SFR      DATA   U_CHAR   0098H  1
TMOD . . . . . . . . . . . . . . . . .  SFR      DATA   U_CHAR   0089H  1
TCON . . . . . . . . . . . . . . . . .  SFR      DATA   U_CHAR   0088H  1
IE0. . . . . . . . . . . . . . . . . .  ABSBIT   -----  BIT      0089H  1
IE1. . . . . . . . . . . . . . . . . .  ABSBIT   -----  BIT      008BH  1
B. . . . . . . . . . . . . . . . . . .  SFR      DATA   U_CHAR   00F0H  1
ACC. . . . . . . . . . . . . . . . . .  SFR      DATA   U_CHAR   00E0H  1
ET0. . . . . . . . . . . . . . . . . .  ABSBIT   -----  BIT      00A9H  1
ET1. . . . . . . . . . . . . . . . . .  ABSBIT   -----  BIT      00ABH  1
TF0. . . . . . . . . . . . . . . . . .  ABSBIT   -----  BIT      008DH  1
TF1. . . . . . . . . . . . . . . . . .  ABSBIT   -----  BIT      008FH  1
RB8. . . . . . . . . . . . . . . . . .  ABSBIT   -----  BIT      009AH  1
TH0. . . . . . . . . . . . . . . . . .  SFR      DATA   U_CHAR   008CH  1
EX0. . . . . . . . . . . . . . . . . .  ABSBIT   -----  BIT      00A8H  1
IT0. . . . . . . . . . . . . . . . . .  ABSBIT   -----  BIT      0088H  1
TH1. . . . . . . . . . . . . . . . . .  SFR      DATA   U_CHAR   008DH  1
TB8. . . . . . . . . . . . . . . . . .  ABSBIT   -----  BIT      009BH  1
EX1. . . . . . . . . . . . . . . . . .  ABSBIT   -----  BIT      00AAH  1
IT1. . . . . . . . . . . . . . . . . .  ABSBIT   -----  BIT      008AH  1
P. . . . . . . . . . . . . . . . . . .  ABSBIT   -----  BIT      00D0H  1
SM0. . . . . . . . . . . . . . . . . .  ABSBIT   -----  BIT      009FH  1
TL0. . . . . . . . . . . . . . . . . .  SFR      DATA   U_CHAR   008AH  1
SM1. . . . . . . . . . . . . . . . . .  ABSBIT   -----  BIT      009EH  1
TL1. . . . . . . . . . . . . . . . . .  SFR      DATA   U_CHAR   008BH  1
SM2. . . . . . . . . . . . . . . . . .  ABSBIT   -----  BIT      009DH  1
PT0. . . . . . . . . . . . . . . . . .  ABSBIT   -----  BIT      00B9H  1
LED. . . . . . . . . . . . . . . . . .  ABSBIT   -----  BIT      00A0H  1
PT1. . . . . . . . . . . . . . . . . .  ABSBIT   -----  BIT      00BBH  1
RS0. . . . . . . . . . . . . . . . . .  ABSBIT   -----  BIT      00D3H  1
TR0. . . . . . . . . . . . . . . . . .  ABSBIT   -----  BIT      008CH  1
RS1. . . . . . . . . . . . . . . . . .  ABSBIT   -----  BIT      00D4H  1
C51 COMPILER V9.60.0.0   MAIN                                                              05/21/2022 19:00:15 PAGE 5   

NAME                                    CLASS   MSPACE  TYPE    OFFSET  SIZE
====                                    =====   ======  ====    ======  ====


TR1. . . . . . . . . . . . . . . . . .  ABSBIT   -----  BIT      008EH  1
PX0. . . . . . . . . . . . . . . . . .  ABSBIT   -----  BIT      00B8H  1
PX1. . . . . . . . . . . . . . . . . .  ABSBIT   -----  BIT      00BAH  1
DPH. . . . . . . . . . . . . . . . . .  SFR      DATA   U_CHAR   0083H  1
DPL. . . . . . . . . . . . . . . . . .  SFR      DATA   U_CHAR   0082H  1
REN. . . . . . . . . . . . . . . . . .  ABSBIT   -----  BIT      009CH  1
RXD. . . . . . . . . . . . . . . . . .  ABSBIT   -----  BIT      00B0H  1
TXD. . . . . . . . . . . . . . . . . .  ABSBIT   -----  BIT      00B1H  1
_delayms . . . . . . . . . . . . . . .  PUBLIC   CODE   PROC     0000H  -----
  ms . . . . . . . . . . . . . . . . .  * REG *  DATA   INT      0006H  2
  i. . . . . . . . . . . . . . . . . .  * REG *  DATA   U_CHAR   0005H  1
F0 . . . . . . . . . . . . . . . . . .  ABSBIT   -----  BIT      00D5H  1
PSW. . . . . . . . . . . . . . . . . .  SFR      DATA   U_CHAR   00D0H  1


MODULE INFORMATION:   STATIC OVERLAYABLE
   CODE SIZE        =     70    ----
   CONSTANT SIZE    =   ----    ----
   XDATA SIZE       =   ----    ----
   PDATA SIZE       =   ----    ----
   DATA SIZE        =   ----    ----
   IDATA SIZE       =   ----    ----
   BIT SIZE         =   ----    ----
   EDATA SIZE       =   ----    ----
   HDATA SIZE       =   ----    ----
   XDATA CONST SIZE =   ----    ----
   FAR CONST SIZE   =   ----    ----
END OF MODULE INFORMATION.


C51 COMPILATION COMPLETE.  0 WARNING(S),  0 ERROR(S)
