C51 COMPILER V9.60.0.0   MAIN                                                              05/20/2022 11:04:41 PAGE 1   


C51 COMPILER V9.60.0.0, COMPILATION OF MODULE MAIN
OBJECT MODULE PLACED IN .\build\Debug\src\main.o
COMPILER INVOKED BY: C:\Program Files\Keil_v5\C51\BIN\C51.exe .\SRC\MAIN.C PRINT(.\build\Debug\src\main.lst) OMF2 TABS(4
                    -) CODE NOCOND SYMBOLS OPTIMIZE(8,SPEED) SMALL ROM(LARGE) INCDIR(.\..\..\..\..\..\..\Program Files\Keil_v5\C51\INC;.\src)
                    - DEFINE(__UVISION_VERSION=526) OBJECT(.\build\Debug\src\main.o)

line level    source

   1          #include<REG51.H>
   2          #define uchar unsigned char
   3          uchar code seg[]=
   4          {0x3F,0x06,0x5B,0x4F,0x66,0x6D,0x7D,0x07};
   5          uchar dis[]={0,1,2,3,4,5,6,7};
   6          void delayms(uchar ms)
   7          {
   8   1          uchar i;
   9   1          while(ms--)
  10   1          for(i=0;i<123;i++);
  11   1      }
  12          void main()
  13          {
  14   1          uchar i;
  15   1          while(1)
  16   1          {
  17   2              for(i=0;i<8;i++)
  18   2              {
  19   3                  P2=dis[i];
  20   3                  P0=seg[i];
  21   3                  delayms(1);
  22   3              }
  23   2          }
  24   1      }
C51 COMPILER V9.60.0.0   MAIN                                                              05/20/2022 11:04:41 PAGE 2   

ASSEMBLY LISTING OF GENERATED OBJECT CODE


             ; FUNCTION _delayms (BEGIN)
                                           ; SOURCE LINE # 6
;---- Variable 'i' assigned to Register 'R6' ----
;---- Variable 'ms' assigned to Register 'R7' ----
                                           ; SOURCE LINE # 7
0000         ?C0001:
                                           ; SOURCE LINE # 9
0000 AD07              MOV     R5,AR7
0002 1F                DEC     R7
0003 ED                MOV     A,R5
0004 600F              JZ      ?C0006
                                           ; SOURCE LINE # 10
0006 E4                CLR     A
0007 FE                MOV     R6,A
0008         ?C0003:
0008 EE                MOV     A,R6
0009 C3                CLR     C
000A 947B              SUBB    A,#07BH
000C 7480              MOV     A,#080H
000E 9480              SUBB    A,#080H
0010 50EE              JNC     ?C0001
0012 0E                INC     R6
0013 80F3              SJMP    ?C0003
                                           ; SOURCE LINE # 11
0015         ?C0006:
0015 22                RET     
             ; FUNCTION _delayms (END)

             ; FUNCTION main (BEGIN)
                                           ; SOURCE LINE # 12
                                           ; SOURCE LINE # 13
0000         ?C0007:
                                           ; SOURCE LINE # 15
                                           ; SOURCE LINE # 16
                                           ; SOURCE LINE # 17
;---- Variable 'i' assigned to Register 'R4' ----
0000 E4                CLR     A
0001 FC                MOV     R4,A
0002         ?C0009:
0002 EC                MOV     A,R4
0003 C3                CLR     C
0004 9408              SUBB    A,#08H
0006 7480              MOV     A,#080H
0008 9480              SUBB    A,#080H
000A 50F4              JNC     ?C0007
                                           ; SOURCE LINE # 18
                                           ; SOURCE LINE # 19
000C 7400        R     MOV     A,#LOW dis
000E 2C                ADD     A,R4
000F F8                MOV     R0,A
0010 E6                MOV     A,@R0
0011 F5A0              MOV     P2,A
                                           ; SOURCE LINE # 20
0013 EC                MOV     A,R4
0014 900000      R     MOV     DPTR,#seg
0017 93                MOVC    A,@A+DPTR
0018 F580              MOV     P0,A
                                           ; SOURCE LINE # 21
001A 7F01              MOV     R7,#01H
C51 COMPILER V9.60.0.0   MAIN                                                              05/20/2022 11:04:41 PAGE 3   

001C 120000      R     LCALL   _delayms
                                           ; SOURCE LINE # 22
001F 0C                INC     R4
0020 80E0              SJMP    ?C0009
             ; FUNCTION main (END)

C51 COMPILER V9.60.0.0   MAIN                                                              05/20/2022 11:04:41 PAGE 4   

NAME                                    CLASS   MSPACE  TYPE    OFFSET  SIZE
====                                    =====   ======  ====    ======  ====


P0 . . . . . . . . . . . . . . . . . .  SFR      DATA   U_CHAR   0080H  1
P1 . . . . . . . . . . . . . . . . . .  SFR      DATA   U_CHAR   0090H  1
P2 . . . . . . . . . . . . . . . . . .  SFR      DATA   U_CHAR   00A0H  1
P3 . . . . . . . . . . . . . . . . . .  SFR      DATA   U_CHAR   00B0H  1
T0 . . . . . . . . . . . . . . . . . .  ABSBIT   -----  BIT      00B4H  1
AC . . . . . . . . . . . . . . . . . .  ABSBIT   -----  BIT      00D6H  1
T1 . . . . . . . . . . . . . . . . . .  ABSBIT   -----  BIT      00B5H  1
EA . . . . . . . . . . . . . . . . . .  ABSBIT   -----  BIT      00AFH  1
IE . . . . . . . . . . . . . . . . . .  SFR      DATA   U_CHAR   00A8H  1
RD . . . . . . . . . . . . . . . . . .  ABSBIT   -----  BIT      00B7H  1
ES . . . . . . . . . . . . . . . . . .  ABSBIT   -----  BIT      00ACH  1
IP . . . . . . . . . . . . . . . . . .  SFR      DATA   U_CHAR   00B8H  1
RI . . . . . . . . . . . . . . . . . .  ABSBIT   -----  BIT      0098H  1
INT0 . . . . . . . . . . . . . . . . .  ABSBIT   -----  BIT      00B2H  1
CY . . . . . . . . . . . . . . . . . .  ABSBIT   -----  BIT      00D7H  1
TI . . . . . . . . . . . . . . . . . .  ABSBIT   -----  BIT      0099H  1
INT1 . . . . . . . . . . . . . . . . .  ABSBIT   -----  BIT      00B3H  1
PS . . . . . . . . . . . . . . . . . .  ABSBIT   -----  BIT      00BCH  1
SP . . . . . . . . . . . . . . . . . .  SFR      DATA   U_CHAR   0081H  1
OV . . . . . . . . . . . . . . . . . .  ABSBIT   -----  BIT      00D2H  1
main . . . . . . . . . . . . . . . . .  PUBLIC   CODE   PROC     0000H  -----
  i. . . . . . . . . . . . . . . . . .  * REG *  DATA   U_CHAR   0004H  1
WR . . . . . . . . . . . . . . . . . .  ABSBIT   -----  BIT      00B6H  1
SBUF . . . . . . . . . . . . . . . . .  SFR      DATA   U_CHAR   0099H  1
PCON . . . . . . . . . . . . . . . . .  SFR      DATA   U_CHAR   0087H  1
SCON . . . . . . . . . . . . . . . . .  SFR      DATA   U_CHAR   0098H  1
TMOD . . . . . . . . . . . . . . . . .  SFR      DATA   U_CHAR   0089H  1
TCON . . . . . . . . . . . . . . . . .  SFR      DATA   U_CHAR   0088H  1
IE0. . . . . . . . . . . . . . . . . .  ABSBIT   -----  BIT      0089H  1
IE1. . . . . . . . . . . . . . . . . .  ABSBIT   -----  BIT      008BH  1
seg. . . . . . . . . . . . . . . . . .  PUBLIC   CODE   ARRAY    0000H  8
dis. . . . . . . . . . . . . . . . . .  PUBLIC   DATA   ARRAY    0000H  8
B. . . . . . . . . . . . . . . . . . .  SFR      DATA   U_CHAR   00F0H  1
ACC. . . . . . . . . . . . . . . . . .  SFR      DATA   U_CHAR   00E0H  1
ET0. . . . . . . . . . . . . . . . . .  ABSBIT   -----  BIT      00A9H  1
ET1. . . . . . . . . . . . . . . . . .  ABSBIT   -----  BIT      00ABH  1
TF0. . . . . . . . . . . . . . . . . .  ABSBIT   -----  BIT      008DH  1
TF1. . . . . . . . . . . . . . . . . .  ABSBIT   -----  BIT      008FH  1
RB8. . . . . . . . . . . . . . . . . .  ABSBIT   -----  BIT      009AH  1
TH0. . . . . . . . . . . . . . . . . .  SFR      DATA   U_CHAR   008CH  1
EX0. . . . . . . . . . . . . . . . . .  ABSBIT   -----  BIT      00A8H  1
IT0. . . . . . . . . . . . . . . . . .  ABSBIT   -----  BIT      0088H  1
TH1. . . . . . . . . . . . . . . . . .  SFR      DATA   U_CHAR   008DH  1
TB8. . . . . . . . . . . . . . . . . .  ABSBIT   -----  BIT      009BH  1
EX1. . . . . . . . . . . . . . . . . .  ABSBIT   -----  BIT      00AAH  1
IT1. . . . . . . . . . . . . . . . . .  ABSBIT   -----  BIT      008AH  1
P. . . . . . . . . . . . . . . . . . .  ABSBIT   -----  BIT      00D0H  1
SM0. . . . . . . . . . . . . . . . . .  ABSBIT   -----  BIT      009FH  1
TL0. . . . . . . . . . . . . . . . . .  SFR      DATA   U_CHAR   008AH  1
SM1. . . . . . . . . . . . . . . . . .  ABSBIT   -----  BIT      009EH  1
TL1. . . . . . . . . . . . . . . . . .  SFR      DATA   U_CHAR   008BH  1
SM2. . . . . . . . . . . . . . . . . .  ABSBIT   -----  BIT      009DH  1
PT0. . . . . . . . . . . . . . . . . .  ABSBIT   -----  BIT      00B9H  1
PT1. . . . . . . . . . . . . . . . . .  ABSBIT   -----  BIT      00BBH  1
RS0. . . . . . . . . . . . . . . . . .  ABSBIT   -----  BIT      00D3H  1
TR0. . . . . . . . . . . . . . . . . .  ABSBIT   -----  BIT      008CH  1
RS1. . . . . . . . . . . . . . . . . .  ABSBIT   -----  BIT      00D4H  1
C51 COMPILER V9.60.0.0   MAIN                                                              05/20/2022 11:04:41 PAGE 5   

NAME                                    CLASS   MSPACE  TYPE    OFFSET  SIZE
====                                    =====   ======  ====    ======  ====


TR1. . . . . . . . . . . . . . . . . .  ABSBIT   -----  BIT      008EH  1
PX0. . . . . . . . . . . . . . . . . .  ABSBIT   -----  BIT      00B8H  1
PX1. . . . . . . . . . . . . . . . . .  ABSBIT   -----  BIT      00BAH  1
DPH. . . . . . . . . . . . . . . . . .  SFR      DATA   U_CHAR   0083H  1
DPL. . . . . . . . . . . . . . . . . .  SFR      DATA   U_CHAR   0082H  1
REN. . . . . . . . . . . . . . . . . .  ABSBIT   -----  BIT      009CH  1
RXD. . . . . . . . . . . . . . . . . .  ABSBIT   -----  BIT      00B0H  1
TXD. . . . . . . . . . . . . . . . . .  ABSBIT   -----  BIT      00B1H  1
_delayms . . . . . . . . . . . . . . .  PUBLIC   CODE   PROC     0000H  -----
  ms . . . . . . . . . . . . . . . . .  * REG *  DATA   U_CHAR   0007H  1
  i. . . . . . . . . . . . . . . . . .  * REG *  DATA   U_CHAR   0006H  1
F0 . . . . . . . . . . . . . . . . . .  ABSBIT   -----  BIT      00D5H  1
PSW. . . . . . . . . . . . . . . . . .  SFR      DATA   U_CHAR   00D0H  1


MODULE INFORMATION:   STATIC OVERLAYABLE
   CODE SIZE        =     56    ----
   CONSTANT SIZE    =      8    ----
   XDATA SIZE       =   ----    ----
   PDATA SIZE       =   ----    ----
   DATA SIZE        =      8    ----
   IDATA SIZE       =   ----    ----
   BIT SIZE         =   ----    ----
   EDATA SIZE       =   ----    ----
   HDATA SIZE       =   ----    ----
   XDATA CONST SIZE =   ----    ----
   FAR CONST SIZE   =   ----    ----
END OF MODULE INFORMATION.


C51 COMPILATION COMPLETE.  0 WARNING(S),  0 ERROR(S)
