C51 COMPILER V9.60.0.0   MAIN                                                              05/20/2022 11:07:46 PAGE 1   


C51 COMPILER V9.60.0.0, COMPILATION OF MODULE MAIN
OBJECT MODULE PLACED IN .\build\Keil\main.obj
COMPILER INVOKED BY: C:\Program Files\Keil_v5\C51\BIN\C51.EXE src/main.c OMF2 OPTIMIZE(8,SPEED) BROWSE INCDIR(../../../.
                    -./../../Program Files/Keil_v5/C51/INC;src) DEBUG PRINT(.\build\Keil\main.lst) TABS(2) OBJECT(.\build\Keil\main.obj)

line level    source

   1          #include <reg51.h>
   2          #define uchar unsigned char
   3          #define uint unsigned int
   4          sbit L1=P1^0;
   5          sbit L2=P1^1;
   6          sbit L3=P1^2;
   7          sbit L4=P1^3;          // ÂÆö‰πâ4Ê†πÂàóÁ∫ø //
   8           uchar  jyw[16]={0xc0,0xf9,0xa4,0xb0,            //Êï∞Á†ÅÁÆ°ÊòæÁ§∫ÂÄºÔºêÔºçÔº¶ÂØπÂ∫îÁöÑÊÆµÁ†ÅÂÄº//
   9                           0x99,0x92,0x82,0xf8,
  10                           0x80,0x90,0x88,0x83,
  11                           0xc6,0xa1,0x86,0x8e};
  12          
  13          void delayms(uchar ms)                   //Âª∂Êó∂Â≠êÁ®ãÂ∫è//
  14           {
  15   1         uint j;
  16   1         while(ms--)
  17   1         for(j=0;j<123;j++);
  18   1       }
  19          
  20             main()                      //‰∏ªÁ®ãÂ∫è//
  21             {
  22   1          uchar temp;
  23   1          uchar i;
  24   1          while(1)
  25   1         {
  26   2                        P1=0xef;             //Ë°åÊâ´ÊèèÂàùÂÄº//       1110 1111
  27   2                        for(i=0;i<=3;i++)  //ÊåâÈîÆÈòµË°åÊâ´Êèè,‰∏ÄÂÖ±ÂõõË°å //
  28   2                      {  
  29   3                 if (L1==0) P0=jyw[i*4+0];        //Ê£ÄÊµãÁ¨¨‰∏ÄÂàóÊúâÊó†ÊåâÈîÆÊåâ‰∏ãÔºåËã•ÊúâÔºåÂØπÂ∫îÁöÑÈîÆÂÄºÂàÜÂ
             -à´‰∏∫0Ôºà‰∏ÄË°åÔºâ,4Ôºà‰∫åË°åÔºâ,8Ôºà‰∏âË°åÔºâÔºåCÔºàÂõõË°åÔºâ//
  30   3                         if (L2==0) P0=jyw[i*4+1];        //Ê£ÄÊµãÁ¨¨‰∫åÂàóÊúâÊó†ÊåâÈîÆÊåâ‰∏ãÔºåËã•ÊúâÔºåÂØπÂ∫îÁ
             -öÑÈîÆÂÄºÂàÜÂà´‰∏∫1Ôºà‰∏ÄË°åÔºâ,5Ôºà‰∫åË°åÔºâ,9Ôºà‰∏âË°åÔºâÔºådÔºàÂõõË°åÔºâ//
  31   3                         if (L3==0) P0=jyw[i*4+2];        //Ê£ÄÊµãÁ¨¨‰∏âÂàóÊúâÊó†ÊåâÈîÆÊåâ‰∏ãÔºåËã•ÊúâÔºåÂØπÂ∫îÁ
             -öÑÈîÆÂÄºÂàÜÂà´‰∏∫2Ôºà‰∏ÄË°åÔºâ,6Ôºà‰∫åË°åÔºâ,AÔºà‰∏âË°åÔºâÔºåEÔºàÂõõË°åÔºâ//
  32   3                         if (L4==0) P0=jyw[i*4+3];        //Ê£ÄÊµãÁ¨¨ÂõõÂàóÊúâÊó†ÊåâÈîÆÊåâ‰∏ãÔºåËã•ÊúâÔºåÂØπÂ∫îÁ
             -öÑÈîÆÂÄºÂàÜÂà´‰∏∫3Ôºà‰∏ÄË°åÔºâ,7Ôºà‰∫åË°åÔºâ,bÔºà‰∏âË°åÔºâÔºåFÔºàÂõõË°åÔºâ//
  33   3                         delayms(10);
  34   3                         temp=P1;             //temp=1110 1111
  35   3                         temp=temp|0x0f;          //temp=1110 1111
  36   3                         temp=temp<<1;          // temp=1101 1110
  37   3                         temp=temp|0x0f;          // temp=1101 1111
  38   3                         P1=temp;                       //‰∏ã‰∏ÄË°åË°åÊâ´ÊèèÁöÑÂÄºÔºåÂ∞ÜP1.0-P1.3ÁöÑÂÄºÂ∑¶Áßª‰∏Ä
             -‰Ωç//  P1=1101 1111
  39   3      
  40   3                      }
  41   2      
  42   2                  }
  43   1      }


MODULE INFORMATION:   STATIC OVERLAYABLE
   CODE SIZE        =    119    ----
   CONSTANT SIZE    =   ----    ----
   XDATA SIZE       =   ----    ----
C51 COMPILER V9.60.0.0   MAIN                                                              05/20/2022 11:07:46 PAGE 2   

   PDATA SIZE       =   ----    ----
   DATA SIZE        =     16    ----
   IDATA SIZE       =   ----    ----
   BIT SIZE         =   ----    ----
   EDATA SIZE       =   ----    ----
   HDATA SIZE       =   ----    ----
   XDATA CONST SIZE =   ----    ----
   FAR CONST SIZE   =   ----    ----
END OF MODULE INFORMATION.


C51 COMPILATION COMPLETE.  0 WARNING(S),  0 ERROR(S)
