C51 COMPILER V9.60.0.0   MAIN                                                              06/02/2022 08:16:45 PAGE 1   


C51 COMPILER V9.60.0.0, COMPILATION OF MODULE MAIN
OBJECT MODULE PLACED IN .\build\Debug\src\main.o
COMPILER INVOKED BY: C:\Program Files\Keil_v5\C51\BIN\C51.exe .\SRC\MAIN.C PRINT(.\build\Debug\src\main.lst) OMF2 TABS(4
                    -) CODE NOCOND SYMBOLS OPTIMIZE(8,SPEED) SMALL ROM(LARGE) INCDIR(.\..\..\..\..\..\..\Program Files\Keil_v5\C51\INC;.\src)
                    - DEFINE(__UVISION_VERSION=526) OBJECT(.\build\Debug\src\main.o)

line level    source

   1          #include<REG52.H>
   2          #define uchar unsigned char
   3          #define uint unsigned int
   4          sbit RS=P2^0;
   5          sbit RW=P2^1;
   6          sbit E=P2^2;
   7          sbit TLC549_CLK=P2^3;
   8          sbit TLC549_CS=P2^4;
   9          sbit TLC549_DO=P2^5;
  10          void delayms(uchar ms)          //毫秒级延时函数
  11          {
  12   1          uchar i;
  13   1          while(ms--)
  14   1          for(i=0;i<123;i++);
  15   1      }
  16          void delayus(uchar us)          //微秒级延时函数
  17          {while(us--);}
  18          void w_com(uchar com)           //LCD1602的写指令寄存器函数
  19          {
  20   1          RS=0;
  21   1          RW=0;
  22   1          E=1;
  23   1          P0=com;
  24   1          E=0;
  25   1          delayms(1);
  26   1      }
  27          void w_dat(uchar dat)           //LCD1602的写数据寄存器函数
  28          {
  29   1          RS=1;
  30   1          RW=0;
  31   1          E=1;
  32   1          P0=dat;
  33   1          E=0;
  34   1          delayms(1);
  35   1      }
  36          void lcd_ini(void)          //LCD1602的初始化函数
  37          {
  38   1          delayms(10);
  39   1          w_com(0x38);
  40   1          delayms(10);
  41   1          w_com(0x0c);
  42   1          delayms(10);
  43   1          w_com(0x06);
  44   1          delayms(10);
  45   1          w_com(0x10);
  46   1          delayms(10);
  47   1          w_com(0x38);
  48   1          delayms(10);
  49   1      }
  50          uchar TLC549_ADC(void)
  51          {
  52   1          uchar i,temp;
  53   1          TLC549_CLK=0;
C51 COMPILER V9.60.0.0   MAIN                                                              06/02/2022 08:16:45 PAGE 2   

  54   1          TLC549_CS=0;
  55   1          for(i=0;i<8;i++)
  56   1          {
  57   2              temp<<=1;
  58   2              temp|=TLC549_DO;
  59   2              TLC549_CLK=1;
  60   2              TLC549_CLK=0;
  61   2          }
  62   1          TLC549_CS=1;
  63   1          delayms(20);
  64   1          return temp;
  65   1      }
  66          void main(void)
  67          {
  68   1          uint temp;
  69   1          lcd_ini();
  70   1          while (1)
  71   1          {
  72   2              temp=TLC549_ADC();
  73   2              w_com(0x84);
  74   2              w_dat(temp*195/10000+0x30);
  75   2              w_dat('.');
  76   2              w_dat(temp*195%10000/1000+0x30);
  77   2              w_dat(temp*195%1000/100+0x30);
  78   2              w_dat('V');
  79   2          }
  80   1          
  81   1      }
C51 COMPILER V9.60.0.0   MAIN                                                              06/02/2022 08:16:45 PAGE 3   

ASSEMBLY LISTING OF GENERATED OBJECT CODE


             ; FUNCTION L?0022 (BEGIN)
0000         L?0023:
0000 120000      R     LCALL   _w_com
0003 7F0A              MOV     R7,#0AH
             ; FUNCTION _delayms (BEGIN)
                                           ; SOURCE LINE # 10
;---- Variable 'i' assigned to Register 'R6' ----
;---- Variable 'ms' assigned to Register 'R7' ----
                                           ; SOURCE LINE # 11
0005         ?C0001:
                                           ; SOURCE LINE # 13
0005 AD07              MOV     R5,AR7
0007 1F                DEC     R7
0008 ED                MOV     A,R5
0009 600F              JZ      ?C0006
                                           ; SOURCE LINE # 14
000B E4                CLR     A
000C FE                MOV     R6,A
000D         ?C0003:
000D EE                MOV     A,R6
000E C3                CLR     C
000F 947B              SUBB    A,#07BH
0011 7480              MOV     A,#080H
0013 9480              SUBB    A,#080H
0015 50EE              JNC     ?C0001
0017 0E                INC     R6
0018 80F3              SJMP    ?C0003
                                           ; SOURCE LINE # 15
001A         ?C0006:
001A 22                RET     
             ; FUNCTION _delayms (END)

             ; FUNCTION _delayus (BEGIN)
                                           ; SOURCE LINE # 16
;---- Variable 'us' assigned to Register 'R7' ----
                                           ; SOURCE LINE # 17
0000         ?C0007:
0000 AE07              MOV     R6,AR7
0002 1F                DEC     R7
0003 EE                MOV     A,R6
0004 70FA              JNZ     ?C0007
0006 22                RET     
             ; FUNCTION _delayus (END)

             ; FUNCTION _w_com (BEGIN)
                                           ; SOURCE LINE # 18
;---- Variable 'com' assigned to Register 'R7' ----
                                           ; SOURCE LINE # 19
                                           ; SOURCE LINE # 20
0000 C2A0              CLR     RS
                                           ; SOURCE LINE # 21
0002 C2A1              CLR     RW
                                           ; SOURCE LINE # 22
0004 D2A2              SETB    E
                                           ; SOURCE LINE # 23
0006 8F80              MOV     P0,R7
                                           ; SOURCE LINE # 24
0008 C2A2              CLR     E
                                           ; SOURCE LINE # 25
C51 COMPILER V9.60.0.0   MAIN                                                              06/02/2022 08:16:45 PAGE 4   

000A 7F01              MOV     R7,#01H
000C 020000      R     LJMP    _delayms
             ; FUNCTION _w_com (END)

             ; FUNCTION L?0020 (BEGIN)
0000 CF                XCH     A,R7
0001 CD                XCH     A,R5
0002 CF                XCH     A,R7
0003 CE                XCH     A,R6
0004 CC                XCH     A,R4
0005 CE                XCH     A,R6
0006         L?0021:
0006 120000      E     LCALL   ?C?UIDIV
0009 EF                MOV     A,R7
000A 2430              ADD     A,#030H
000C FF                MOV     R7,A
             ; FUNCTION _w_dat (BEGIN)
                                           ; SOURCE LINE # 27
;---- Variable 'dat' assigned to Register 'R7' ----
                                           ; SOURCE LINE # 28
                                           ; SOURCE LINE # 29
000D D2A0              SETB    RS
                                           ; SOURCE LINE # 30
000F C2A1              CLR     RW
                                           ; SOURCE LINE # 31
0011 D2A2              SETB    E
                                           ; SOURCE LINE # 32
0013 8F80              MOV     P0,R7
                                           ; SOURCE LINE # 33
0015 C2A2              CLR     E
                                           ; SOURCE LINE # 34
0017 7F01              MOV     R7,#01H
0019 020000      R     LJMP    _delayms
             ; FUNCTION _w_dat (END)

             ; FUNCTION lcd_ini (BEGIN)
                                           ; SOURCE LINE # 36
                                           ; SOURCE LINE # 37
                                           ; SOURCE LINE # 38
0000 7F0A              MOV     R7,#0AH
0002 120000      R     LCALL   _delayms
                                           ; SOURCE LINE # 39
0005 7F38              MOV     R7,#038H
                                           ; SOURCE LINE # 40
0007 120000      R     LCALL   L?0022
                                           ; SOURCE LINE # 41
000A 7F0C              MOV     R7,#0CH
                                           ; SOURCE LINE # 42
000C 120000      R     LCALL   L?0022
                                           ; SOURCE LINE # 43
000F 7F06              MOV     R7,#06H
                                           ; SOURCE LINE # 44
0011 120000      R     LCALL   L?0023
                                           ; SOURCE LINE # 45
0014 7F10              MOV     R7,#010H
                                           ; SOURCE LINE # 46
0016 120000      R     LCALL   L?0023
                                           ; SOURCE LINE # 47
0019 7F38              MOV     R7,#038H
001B 120000      R     LCALL   _w_com
                                           ; SOURCE LINE # 48
001E 7F0A              MOV     R7,#0AH
C51 COMPILER V9.60.0.0   MAIN                                                              06/02/2022 08:16:45 PAGE 5   

0020 020000      R     LJMP    _delayms
             ; FUNCTION lcd_ini (END)

             ; FUNCTION TLC549_ADC (BEGIN)
                                           ; SOURCE LINE # 50
;---- Variable 'temp' assigned to Register 'R4' ----
                                           ; SOURCE LINE # 51
                                           ; SOURCE LINE # 53
0000 C2A3              CLR     TLC549_CLK
                                           ; SOURCE LINE # 54
0002 C2A4              CLR     TLC549_CS
                                           ; SOURCE LINE # 55
;---- Variable 'i' assigned to Register 'R7' ----
0004 E4                CLR     A
0005 FF                MOV     R7,A
0006         ?C0013:
0006 EF                MOV     A,R7
0007 C3                CLR     C
0008 9408              SUBB    A,#08H
000A 7480              MOV     A,#080H
000C 9480              SUBB    A,#080H
000E 5011              JNC     ?C0014
                                           ; SOURCE LINE # 56
                                           ; SOURCE LINE # 57
0010 EC                MOV     A,R4
0011 25E0              ADD     A,ACC
0013 FC                MOV     R4,A
                                           ; SOURCE LINE # 58
0014 A2A5              MOV     C,TLC549_DO
0016 E4                CLR     A
0017 33                RLC     A
0018 4204              ORL     AR4,A
                                           ; SOURCE LINE # 59
001A D2A3              SETB    TLC549_CLK
                                           ; SOURCE LINE # 60
001C C2A3              CLR     TLC549_CLK
                                           ; SOURCE LINE # 61
001E 0F                INC     R7
001F 80E5              SJMP    ?C0013
0021         ?C0014:
                                           ; SOURCE LINE # 62
0021 D2A4              SETB    TLC549_CS
                                           ; SOURCE LINE # 63
0023 7F14              MOV     R7,#014H
0025 120000      R     LCALL   _delayms
                                           ; SOURCE LINE # 64
0028 AF04              MOV     R7,AR4
                                           ; SOURCE LINE # 65
002A 22                RET     
             ; FUNCTION TLC549_ADC (END)

             ; FUNCTION main (BEGIN)
                                           ; SOURCE LINE # 66
                                           ; SOURCE LINE # 67
                                           ; SOURCE LINE # 69
0000 120000      R     LCALL   lcd_ini
0003         ?C0017:
                                           ; SOURCE LINE # 70
                                           ; SOURCE LINE # 71
                                           ; SOURCE LINE # 72
0003 120000      R     LCALL   TLC549_ADC
;---- Variable 'temp' assigned to Register 'R2/R3' ----
C51 COMPILER V9.60.0.0   MAIN                                                              06/02/2022 08:16:45 PAGE 6   

0006 AB07              MOV     R3,AR7
0008 7A00              MOV     R2,#00H
                                           ; SOURCE LINE # 73
000A 7F84              MOV     R7,#084H
000C 120000      R     LCALL   _w_com
                                           ; SOURCE LINE # 74
000F 7C00              MOV     R4,#00H
0011 7DC3              MOV     R5,#0C3H
0013 AF03              MOV     R7,AR3
0015 7E00              MOV     R6,#00H
0017 120000      E     LCALL   ?C?IMUL
001A 7C27              MOV     R4,#027H
001C 7D10              MOV     R5,#010H
001E 120000      R     LCALL   L?0021
                                           ; SOURCE LINE # 75
0021 7F2E              MOV     R7,#02EH
0023 120000      R     LCALL   _w_dat
                                           ; SOURCE LINE # 76
0026 7C00              MOV     R4,#00H
0028 7DC3              MOV     R5,#0C3H
002A AF03              MOV     R7,AR3
002C 7E00              MOV     R6,#00H
002E 120000      E     LCALL   ?C?IMUL
0031 7C27              MOV     R4,#027H
0033 7D10              MOV     R5,#010H
0035 120000      E     LCALL   ?C?UIDIV
0038 7E03              MOV     R6,#03H
003A 7FE8              MOV     R7,#0E8H
003C 120000      R     LCALL   L?0020
                                           ; SOURCE LINE # 77
003F 7C00              MOV     R4,#00H
0041 7DC3              MOV     R5,#0C3H
0043 AF03              MOV     R7,AR3
0045 7E00              MOV     R6,#00H
0047 120000      E     LCALL   ?C?IMUL
004A 7C03              MOV     R4,#03H
004C 7DE8              MOV     R5,#0E8H
004E 120000      E     LCALL   ?C?UIDIV
0051 7E00              MOV     R6,#00H
0053 7F64              MOV     R7,#064H
0055 120000      R     LCALL   L?0020
                                           ; SOURCE LINE # 78
0058 7F56              MOV     R7,#056H
005A 120000      R     LCALL   _w_dat
                                           ; SOURCE LINE # 79
005D 80A4              SJMP    ?C0017
             ; FUNCTION main (END)

C51 COMPILER V9.60.0.0   MAIN                                                              06/02/2022 08:16:45 PAGE 7   

NAME                                    CLASS   MSPACE  TYPE    OFFSET  SIZE
====                                    =====   ======  ====    ======  ====


P0 . . . . . . . . . . . . . . . . . .  SFR      DATA   U_CHAR   0080H  1
P1 . . . . . . . . . . . . . . . . . .  SFR      DATA   U_CHAR   0090H  1
P2 . . . . . . . . . . . . . . . . . .  SFR      DATA   U_CHAR   00A0H  1
P3 . . . . . . . . . . . . . . . . . .  SFR      DATA   U_CHAR   00B0H  1
T0 . . . . . . . . . . . . . . . . . .  ABSBIT   -----  BIT      00B4H  1
AC . . . . . . . . . . . . . . . . . .  ABSBIT   -----  BIT      00D6H  1
T1 . . . . . . . . . . . . . . . . . .  ABSBIT   -----  BIT      00B5H  1
T2 . . . . . . . . . . . . . . . . . .  ABSBIT   -----  BIT      0090H  1
EA . . . . . . . . . . . . . . . . . .  ABSBIT   -----  BIT      00AFH  1
IE . . . . . . . . . . . . . . . . . .  SFR      DATA   U_CHAR   00A8H  1
_w_dat . . . . . . . . . . . . . . . .  PUBLIC   CODE   PROC     000DH  -----
  dat. . . . . . . . . . . . . . . . .  * REG *  DATA   U_CHAR   0007H  1
EXF2 . . . . . . . . . . . . . . . . .  ABSBIT   -----  BIT      00CEH  1
RD . . . . . . . . . . . . . . . . . .  ABSBIT   -----  BIT      00B7H  1
_w_com . . . . . . . . . . . . . . . .  PUBLIC   CODE   PROC     0000H  -----
  com. . . . . . . . . . . . . . . . .  * REG *  DATA   U_CHAR   0007H  1
ES . . . . . . . . . . . . . . . . . .  ABSBIT   -----  BIT      00ACH  1
IP . . . . . . . . . . . . . . . . . .  SFR      DATA   U_CHAR   00B8H  1
RI . . . . . . . . . . . . . . . . . .  ABSBIT   -----  BIT      0098H  1
INT0 . . . . . . . . . . . . . . . . .  ABSBIT   -----  BIT      00B2H  1
CY . . . . . . . . . . . . . . . . . .  ABSBIT   -----  BIT      00D7H  1
TI . . . . . . . . . . . . . . . . . .  ABSBIT   -----  BIT      0099H  1
INT1 . . . . . . . . . . . . . . . . .  ABSBIT   -----  BIT      00B3H  1
RCAP2H . . . . . . . . . . . . . . . .  SFR      DATA   U_CHAR   00CBH  1
PS . . . . . . . . . . . . . . . . . .  ABSBIT   -----  BIT      00BCH  1
SP . . . . . . . . . . . . . . . . . .  SFR      DATA   U_CHAR   0081H  1
T2EX . . . . . . . . . . . . . . . . .  ABSBIT   -----  BIT      0091H  1
RS . . . . . . . . . . . . . . . . . .  ABSBIT   -----  BIT      00A0H  1
OV . . . . . . . . . . . . . . . . . .  ABSBIT   -----  BIT      00D2H  1
RCAP2L . . . . . . . . . . . . . . . .  SFR      DATA   U_CHAR   00CAH  1
main . . . . . . . . . . . . . . . . .  PUBLIC   CODE   PROC     0000H  -----
  temp . . . . . . . . . . . . . . . .  * REG *  DATA   U_INT    0002H  2
RW . . . . . . . . . . . . . . . . . .  ABSBIT   -----  BIT      00A1H  1
C_T2 . . . . . . . . . . . . . . . . .  ABSBIT   -----  BIT      00C9H  1
WR . . . . . . . . . . . . . . . . . .  ABSBIT   -----  BIT      00B6H  1
RCLK . . . . . . . . . . . . . . . . .  ABSBIT   -----  BIT      00CDH  1
TCLK . . . . . . . . . . . . . . . . .  ABSBIT   -----  BIT      00CCH  1
TLC549_ADC . . . . . . . . . . . . . .  PUBLIC   CODE   PROC     0000H  -----
  i. . . . . . . . . . . . . . . . . .  * REG *  DATA   U_CHAR   0007H  1
  temp . . . . . . . . . . . . . . . .  * REG *  DATA   U_CHAR   0004H  1
SBUF . . . . . . . . . . . . . . . . .  SFR      DATA   U_CHAR   0099H  1
PCON . . . . . . . . . . . . . . . . .  SFR      DATA   U_CHAR   0087H  1
SCON . . . . . . . . . . . . . . . . .  SFR      DATA   U_CHAR   0098H  1
TMOD . . . . . . . . . . . . . . . . .  SFR      DATA   U_CHAR   0089H  1
TCON . . . . . . . . . . . . . . . . .  SFR      DATA   U_CHAR   0088H  1
IE0. . . . . . . . . . . . . . . . . .  ABSBIT   -----  BIT      0089H  1
IE1. . . . . . . . . . . . . . . . . .  ABSBIT   -----  BIT      008BH  1
B. . . . . . . . . . . . . . . . . . .  SFR      DATA   U_CHAR   00F0H  1
TLC549_CLK . . . . . . . . . . . . . .  ABSBIT   -----  BIT      00A3H  1
E. . . . . . . . . . . . . . . . . . .  ABSBIT   -----  BIT      00A2H  1
CP_RL2 . . . . . . . . . . . . . . . .  ABSBIT   -----  BIT      00C8H  1
ACC. . . . . . . . . . . . . . . . . .  SFR      DATA   U_CHAR   00E0H  1
ET0. . . . . . . . . . . . . . . . . .  ABSBIT   -----  BIT      00A9H  1
ET1. . . . . . . . . . . . . . . . . .  ABSBIT   -----  BIT      00ABH  1
TF0. . . . . . . . . . . . . . . . . .  ABSBIT   -----  BIT      008DH  1
ET2. . . . . . . . . . . . . . . . . .  ABSBIT   -----  BIT      00ADH  1
TF1. . . . . . . . . . . . . . . . . .  ABSBIT   -----  BIT      008FH  1
C51 COMPILER V9.60.0.0   MAIN                                                              06/02/2022 08:16:45 PAGE 8   

NAME                                    CLASS   MSPACE  TYPE    OFFSET  SIZE
====                                    =====   ======  ====    ======  ====


TF2. . . . . . . . . . . . . . . . . .  ABSBIT   -----  BIT      00CFH  1
RB8. . . . . . . . . . . . . . . . . .  ABSBIT   -----  BIT      009AH  1
TH0. . . . . . . . . . . . . . . . . .  SFR      DATA   U_CHAR   008CH  1
EX0. . . . . . . . . . . . . . . . . .  ABSBIT   -----  BIT      00A8H  1
IT0. . . . . . . . . . . . . . . . . .  ABSBIT   -----  BIT      0088H  1
TH1. . . . . . . . . . . . . . . . . .  SFR      DATA   U_CHAR   008DH  1
TB8. . . . . . . . . . . . . . . . . .  ABSBIT   -----  BIT      009BH  1
EX1. . . . . . . . . . . . . . . . . .  ABSBIT   -----  BIT      00AAH  1
IT1. . . . . . . . . . . . . . . . . .  ABSBIT   -----  BIT      008AH  1
TH2. . . . . . . . . . . . . . . . . .  SFR      DATA   U_CHAR   00CDH  1
P. . . . . . . . . . . . . . . . . . .  ABSBIT   -----  BIT      00D0H  1
SM0. . . . . . . . . . . . . . . . . .  ABSBIT   -----  BIT      009FH  1
TL0. . . . . . . . . . . . . . . . . .  SFR      DATA   U_CHAR   008AH  1
SM1. . . . . . . . . . . . . . . . . .  ABSBIT   -----  BIT      009EH  1
TL1. . . . . . . . . . . . . . . . . .  SFR      DATA   U_CHAR   008BH  1
SM2. . . . . . . . . . . . . . . . . .  ABSBIT   -----  BIT      009DH  1
TL2. . . . . . . . . . . . . . . . . .  SFR      DATA   U_CHAR   00CCH  1
PT0. . . . . . . . . . . . . . . . . .  ABSBIT   -----  BIT      00B9H  1
PT1. . . . . . . . . . . . . . . . . .  ABSBIT   -----  BIT      00BBH  1
RS0. . . . . . . . . . . . . . . . . .  ABSBIT   -----  BIT      00D3H  1
lcd_ini. . . . . . . . . . . . . . . .  PUBLIC   CODE   PROC     0000H  -----
PT2. . . . . . . . . . . . . . . . . .  ABSBIT   -----  BIT      00BDH  1
TR0. . . . . . . . . . . . . . . . . .  ABSBIT   -----  BIT      008CH  1
RS1. . . . . . . . . . . . . . . . . .  ABSBIT   -----  BIT      00D4H  1
TR1. . . . . . . . . . . . . . . . . .  ABSBIT   -----  BIT      008EH  1
TR2. . . . . . . . . . . . . . . . . .  ABSBIT   -----  BIT      00CAH  1
PX0. . . . . . . . . . . . . . . . . .  ABSBIT   -----  BIT      00B8H  1
PX1. . . . . . . . . . . . . . . . . .  ABSBIT   -----  BIT      00BAH  1
DPH. . . . . . . . . . . . . . . . . .  SFR      DATA   U_CHAR   0083H  1
DPL. . . . . . . . . . . . . . . . . .  SFR      DATA   U_CHAR   0082H  1
EXEN2. . . . . . . . . . . . . . . . .  ABSBIT   -----  BIT      00CBH  1
REN. . . . . . . . . . . . . . . . . .  ABSBIT   -----  BIT      009CH  1
T2CON. . . . . . . . . . . . . . . . .  SFR      DATA   U_CHAR   00C8H  1
RXD. . . . . . . . . . . . . . . . . .  ABSBIT   -----  BIT      00B0H  1
TXD. . . . . . . . . . . . . . . . . .  ABSBIT   -----  BIT      00B1H  1
_delayms . . . . . . . . . . . . . . .  PUBLIC   CODE   PROC     0005H  -----
  ms . . . . . . . . . . . . . . . . .  * REG *  DATA   U_CHAR   0007H  1
  i. . . . . . . . . . . . . . . . . .  * REG *  DATA   U_CHAR   0006H  1
F0 . . . . . . . . . . . . . . . . . .  ABSBIT   -----  BIT      00D5H  1
TLC549_DO. . . . . . . . . . . . . . .  ABSBIT   -----  BIT      00A5H  1
PSW. . . . . . . . . . . . . . . . . .  SFR      DATA   U_CHAR   00D0H  1
_delayus . . . . . . . . . . . . . . .  PUBLIC   CODE   PROC     0000H  -----
  us . . . . . . . . . . . . . . . . .  * REG *  DATA   U_CHAR   0007H  1
TLC549_CS. . . . . . . . . . . . . . .  ABSBIT   -----  BIT      00A4H  1


MODULE INFORMATION:   STATIC OVERLAYABLE
   CODE SIZE        =    250    ----
   CONSTANT SIZE    =   ----    ----
   XDATA SIZE       =   ----    ----
   PDATA SIZE       =   ----    ----
   DATA SIZE        =   ----    ----
   IDATA SIZE       =   ----    ----
   BIT SIZE         =   ----    ----
   EDATA SIZE       =   ----    ----
   HDATA SIZE       =   ----    ----
   XDATA CONST SIZE =   ----    ----
   FAR CONST SIZE   =   ----    ----
C51 COMPILER V9.60.0.0   MAIN                                                              06/02/2022 08:16:45 PAGE 9   

END OF MODULE INFORMATION.


C51 COMPILATION COMPLETE.  0 WARNING(S),  0 ERROR(S)
