C51 COMPILER V9.60.0.0   MAIN                                                              07/28/2022 19:43:58 PAGE 1   


C51 COMPILER V9.60.0.0, COMPILATION OF MODULE MAIN
OBJECT MODULE PLACED IN .\build\Debug\src\main.o
COMPILER INVOKED BY: C:\Program Files\Keil_v5\C51\BIN\C51.exe .\SRC\MAIN.C PRINT(.\build\Debug\src\main.lst) OMF2 TABS(4
                    -) CODE NOCOND SYMBOLS OPTIMIZE(8,SPEED) SMALL ROM(LARGE) INCDIR(.\..\..\..\..\..\..\..\Program Files\Keil_v5\C51\INC;.\s
                    -rc) DEFINE(__UVISION_VERSION=526) OBJECT(.\build\Debug\src\main.o)

line level    source

   1          #include<reg51.h>
   2          #define uchar unsigned int
   3          uchar code seg[]=
   4          {0xC0,0xF9,0xA4,0xB0,0x99,0x92,0x82,0xF8,0x80,0x90};
   5          void delayms(uchar ms)
   6          {
   7   1          uchar i;
   8   1          while(ms--)
   9   1          for(i=0;i<123;i++);
  10   1      }
  11          
  12          void s()
  13          {
  14   1          uchar i;
  15   1          for(i=0;i<10;i++)
  16   1          {
  17   2              P0=seg[i];
  18   2              delayms(300);
  19   2          }
  20   1      }
  21          
  22          void main()
  23          {
  24   1          while(1)
  25   1          {
  26   2              s();
  27   2          }
  28   1      }
C51 COMPILER V9.60.0.0   MAIN                                                              07/28/2022 19:43:58 PAGE 2   

ASSEMBLY LISTING OF GENERATED OBJECT CODE


             ; FUNCTION _delayms (BEGIN)
                                           ; SOURCE LINE # 5
;---- Variable 'i' assigned to Register 'R4/R5' ----
;---- Variable 'ms' assigned to Register 'R6/R7' ----
                                           ; SOURCE LINE # 6
0000         ?C0001:
                                           ; SOURCE LINE # 8
0000 EF                MOV     A,R7
0001 1F                DEC     R7
0002 AA06              MOV     R2,AR6
0004 7001              JNZ     ?C0014
0006 1E                DEC     R6
0007         ?C0014:
0007 4A                ORL     A,R2
0008 6013              JZ      ?C0006
                                           ; SOURCE LINE # 9
000A E4                CLR     A
000B FC                MOV     R4,A
000C FD                MOV     R5,A
000D         ?C0003:
000D C3                CLR     C
000E ED                MOV     A,R5
000F 947B              SUBB    A,#07BH
0011 EC                MOV     A,R4
0012 9400              SUBB    A,#00H
0014 50EA              JNC     ?C0001
0016 0D                INC     R5
0017 BD0001            CJNE    R5,#00H,?C0015
001A 0C                INC     R4
001B         ?C0015:
001B 80F0              SJMP    ?C0003
                                           ; SOURCE LINE # 10
001D         ?C0006:
001D 22                RET     
             ; FUNCTION _delayms (END)

             ; FUNCTION s (BEGIN)
                                           ; SOURCE LINE # 12
                                           ; SOURCE LINE # 13
                                           ; SOURCE LINE # 15
0000 E4                CLR     A
0001 F500        R     MOV     i,A
0003 F500        R     MOV     i+01H,A
0005         ?C0007:
                                           ; SOURCE LINE # 16
                                           ; SOURCE LINE # 17
0005 E500        R     MOV     A,i+01H
0007 25E0              ADD     A,ACC
0009 FF                MOV     R7,A
000A E500        R     MOV     A,i
000C 33                RLC     A
000D FE                MOV     R6,A
000E 7400        R     MOV     A,#LOW seg
0010 2F                ADD     A,R7
0011 F582              MOV     DPL,A
0013 7400        R     MOV     A,#HIGH seg
0015 3E                ADDC    A,R6
0016 F583              MOV     DPH,A
0018 7401              MOV     A,#01H
C51 COMPILER V9.60.0.0   MAIN                                                              07/28/2022 19:43:58 PAGE 3   

001A 93                MOVC    A,@A+DPTR
001B F580              MOV     P0,A
                                           ; SOURCE LINE # 18
001D 7F2C              MOV     R7,#02CH
001F 7E01              MOV     R6,#01H
0021 120000      R     LCALL   _delayms
                                           ; SOURCE LINE # 19
0024 0500        R     INC     i+01H
0026 E500        R     MOV     A,i+01H
0028 7002              JNZ     ?C0016
002A 0500        R     INC     i
002C         ?C0016:
002C C3                CLR     C
002D 940A              SUBB    A,#0AH
002F E500        R     MOV     A,i
0031 9400              SUBB    A,#00H
0033 40D0              JC      ?C0007
                                           ; SOURCE LINE # 20
0035         ?C0010:
0035 22                RET     
             ; FUNCTION s (END)

             ; FUNCTION main (BEGIN)
                                           ; SOURCE LINE # 22
                                           ; SOURCE LINE # 23
0000         ?C0011:
                                           ; SOURCE LINE # 24
                                           ; SOURCE LINE # 25
                                           ; SOURCE LINE # 26
0000 120000      R     LCALL   s
                                           ; SOURCE LINE # 27
0003 80FB              SJMP    ?C0011
             ; FUNCTION main (END)

C51 COMPILER V9.60.0.0   MAIN                                                              07/28/2022 19:43:58 PAGE 4   

NAME                                    CLASS   MSPACE  TYPE    OFFSET  SIZE
====                                    =====   ======  ====    ======  ====


P0 . . . . . . . . . . . . . . . . . .  SFR      DATA   U_CHAR   0080H  1
P1 . . . . . . . . . . . . . . . . . .  SFR      DATA   U_CHAR   0090H  1
P2 . . . . . . . . . . . . . . . . . .  SFR      DATA   U_CHAR   00A0H  1
P3 . . . . . . . . . . . . . . . . . .  SFR      DATA   U_CHAR   00B0H  1
T0 . . . . . . . . . . . . . . . . . .  ABSBIT   -----  BIT      00B4H  1
AC . . . . . . . . . . . . . . . . . .  ABSBIT   -----  BIT      00D6H  1
T1 . . . . . . . . . . . . . . . . . .  ABSBIT   -----  BIT      00B5H  1
EA . . . . . . . . . . . . . . . . . .  ABSBIT   -----  BIT      00AFH  1
IE . . . . . . . . . . . . . . . . . .  SFR      DATA   U_CHAR   00A8H  1
RD . . . . . . . . . . . . . . . . . .  ABSBIT   -----  BIT      00B7H  1
ES . . . . . . . . . . . . . . . . . .  ABSBIT   -----  BIT      00ACH  1
IP . . . . . . . . . . . . . . . . . .  SFR      DATA   U_CHAR   00B8H  1
RI . . . . . . . . . . . . . . . . . .  ABSBIT   -----  BIT      0098H  1
INT0 . . . . . . . . . . . . . . . . .  ABSBIT   -----  BIT      00B2H  1
CY . . . . . . . . . . . . . . . . . .  ABSBIT   -----  BIT      00D7H  1
TI . . . . . . . . . . . . . . . . . .  ABSBIT   -----  BIT      0099H  1
INT1 . . . . . . . . . . . . . . . . .  ABSBIT   -----  BIT      00B3H  1
PS . . . . . . . . . . . . . . . . . .  ABSBIT   -----  BIT      00BCH  1
SP . . . . . . . . . . . . . . . . . .  SFR      DATA   U_CHAR   0081H  1
OV . . . . . . . . . . . . . . . . . .  ABSBIT   -----  BIT      00D2H  1
main . . . . . . . . . . . . . . . . .  PUBLIC   CODE   PROC     0000H  -----
WR . . . . . . . . . . . . . . . . . .  ABSBIT   -----  BIT      00B6H  1
SBUF . . . . . . . . . . . . . . . . .  SFR      DATA   U_CHAR   0099H  1
PCON . . . . . . . . . . . . . . . . .  SFR      DATA   U_CHAR   0087H  1
SCON . . . . . . . . . . . . . . . . .  SFR      DATA   U_CHAR   0098H  1
TMOD . . . . . . . . . . . . . . . . .  SFR      DATA   U_CHAR   0089H  1
TCON . . . . . . . . . . . . . . . . .  SFR      DATA   U_CHAR   0088H  1
IE0. . . . . . . . . . . . . . . . . .  ABSBIT   -----  BIT      0089H  1
IE1. . . . . . . . . . . . . . . . . .  ABSBIT   -----  BIT      008BH  1
seg. . . . . . . . . . . . . . . . . .  PUBLIC   CODE   ARRAY    0000H  20
B. . . . . . . . . . . . . . . . . . .  SFR      DATA   U_CHAR   00F0H  1
ACC. . . . . . . . . . . . . . . . . .  SFR      DATA   U_CHAR   00E0H  1
ET0. . . . . . . . . . . . . . . . . .  ABSBIT   -----  BIT      00A9H  1
ET1. . . . . . . . . . . . . . . . . .  ABSBIT   -----  BIT      00ABH  1
TF0. . . . . . . . . . . . . . . . . .  ABSBIT   -----  BIT      008DH  1
TF1. . . . . . . . . . . . . . . . . .  ABSBIT   -----  BIT      008FH  1
RB8. . . . . . . . . . . . . . . . . .  ABSBIT   -----  BIT      009AH  1
TH0. . . . . . . . . . . . . . . . . .  SFR      DATA   U_CHAR   008CH  1
EX0. . . . . . . . . . . . . . . . . .  ABSBIT   -----  BIT      00A8H  1
IT0. . . . . . . . . . . . . . . . . .  ABSBIT   -----  BIT      0088H  1
TH1. . . . . . . . . . . . . . . . . .  SFR      DATA   U_CHAR   008DH  1
TB8. . . . . . . . . . . . . . . . . .  ABSBIT   -----  BIT      009BH  1
EX1. . . . . . . . . . . . . . . . . .  ABSBIT   -----  BIT      00AAH  1
IT1. . . . . . . . . . . . . . . . . .  ABSBIT   -----  BIT      008AH  1
P. . . . . . . . . . . . . . . . . . .  ABSBIT   -----  BIT      00D0H  1
SM0. . . . . . . . . . . . . . . . . .  ABSBIT   -----  BIT      009FH  1
TL0. . . . . . . . . . . . . . . . . .  SFR      DATA   U_CHAR   008AH  1
SM1. . . . . . . . . . . . . . . . . .  ABSBIT   -----  BIT      009EH  1
TL1. . . . . . . . . . . . . . . . . .  SFR      DATA   U_CHAR   008BH  1
SM2. . . . . . . . . . . . . . . . . .  ABSBIT   -----  BIT      009DH  1
PT0. . . . . . . . . . . . . . . . . .  ABSBIT   -----  BIT      00B9H  1
PT1. . . . . . . . . . . . . . . . . .  ABSBIT   -----  BIT      00BBH  1
RS0. . . . . . . . . . . . . . . . . .  ABSBIT   -----  BIT      00D3H  1
TR0. . . . . . . . . . . . . . . . . .  ABSBIT   -----  BIT      008CH  1
RS1. . . . . . . . . . . . . . . . . .  ABSBIT   -----  BIT      00D4H  1
TR1. . . . . . . . . . . . . . . . . .  ABSBIT   -----  BIT      008EH  1
PX0. . . . . . . . . . . . . . . . . .  ABSBIT   -----  BIT      00B8H  1
C51 COMPILER V9.60.0.0   MAIN                                                              07/28/2022 19:43:58 PAGE 5   

NAME                                    CLASS   MSPACE  TYPE    OFFSET  SIZE
====                                    =====   ======  ====    ======  ====


PX1. . . . . . . . . . . . . . . . . .  ABSBIT   -----  BIT      00BAH  1
DPH. . . . . . . . . . . . . . . . . .  SFR      DATA   U_CHAR   0083H  1
DPL. . . . . . . . . . . . . . . . . .  SFR      DATA   U_CHAR   0082H  1
REN. . . . . . . . . . . . . . . . . .  ABSBIT   -----  BIT      009CH  1
RXD. . . . . . . . . . . . . . . . . .  ABSBIT   -----  BIT      00B0H  1
TXD. . . . . . . . . . . . . . . . . .  ABSBIT   -----  BIT      00B1H  1
s. . . . . . . . . . . . . . . . . . .  PUBLIC   CODE   PROC     0000H  -----
  i. . . . . . . . . . . . . . . . . .  AUTO     DATA   U_INT    0000H  2
_delayms . . . . . . . . . . . . . . .  PUBLIC   CODE   PROC     0000H  -----
  ms . . . . . . . . . . . . . . . . .  * REG *  DATA   U_INT    0006H  2
  i. . . . . . . . . . . . . . . . . .  * REG *  DATA   U_INT    0004H  2
F0 . . . . . . . . . . . . . . . . . .  ABSBIT   -----  BIT      00D5H  1
PSW. . . . . . . . . . . . . . . . . .  SFR      DATA   U_CHAR   00D0H  1


MODULE INFORMATION:   STATIC OVERLAYABLE
   CODE SIZE        =     89    ----
   CONSTANT SIZE    =     20    ----
   XDATA SIZE       =   ----    ----
   PDATA SIZE       =   ----    ----
   DATA SIZE        =   ----       2
   IDATA SIZE       =   ----    ----
   BIT SIZE         =   ----    ----
   EDATA SIZE       =   ----    ----
   HDATA SIZE       =   ----    ----
   XDATA CONST SIZE =   ----    ----
   FAR CONST SIZE   =   ----    ----
END OF MODULE INFORMATION.


C51 COMPILATION COMPLETE.  0 WARNING(S),  0 ERROR(S)
