C51 COMPILER V9.60.0.0   MAIN                                                              05/20/2022 14:25:03 PAGE 1   


C51 COMPILER V9.60.0.0, COMPILATION OF MODULE MAIN
OBJECT MODULE PLACED IN .\build\Keil\main.obj
COMPILER INVOKED BY: C:\Program Files\Keil_v5\C51\BIN\C51.EXE src/main.c OMF2 OPTIMIZE(8,SPEED) BROWSE INCDIR(../../../.
                    -./../../Program Files/Keil_v5/C51/INC;src) DEBUG PRINT(.\build\Keil\main.lst) TABS(2) OBJECT(.\build\Keil\main.obj)

line level    source

   1          #include<reg51.h>
   2          #define uchar unsigned int
   3          uchar code seg[]=
   4          {0xC0,0xF9,0xA4,0xB0,0x99,0x92,0x82,0xF8,0x80,0x90};
   5          void delayms(uchar ms)
   6          {
   7   1          uchar i;
   8   1          while(ms--)
   9   1          for(i=0;i<123;i++);
  10   1      }
  11          
  12          void s()
  13          {
  14   1          uchar i;
  15   1          for(i=0;i<10;i++)
  16   1          {
  17   2              P0=seg[i];
  18   2              delayms(300);
  19   2          }
  20   1      }
  21          
  22          void main()
  23          {
  24   1          while(1)
  25   1          {
  26   2              s();
  27   2          }
  28   1      }


MODULE INFORMATION:   STATIC OVERLAYABLE
   CODE SIZE        =     89    ----
   CONSTANT SIZE    =     20    ----
   XDATA SIZE       =   ----    ----
   PDATA SIZE       =   ----    ----
   DATA SIZE        =   ----       2
   IDATA SIZE       =   ----    ----
   BIT SIZE         =   ----    ----
   EDATA SIZE       =   ----    ----
   HDATA SIZE       =   ----    ----
   XDATA CONST SIZE =   ----    ----
   FAR CONST SIZE   =   ----    ----
END OF MODULE INFORMATION.


C51 COMPILATION COMPLETE.  0 WARNING(S),  0 ERROR(S)
